Traceback (most recent call last):
  File "/Users/avijeet/opt/anaconda3/envs/mybook/lib/python3.9/site-packages/jupyter_cache/executors/utils.py", line 51, in single_nb_execution
    executenb(
  File "/Users/avijeet/opt/anaconda3/envs/mybook/lib/python3.9/site-packages/nbclient/client.py", line 1087, in execute
    return NotebookClient(nb=nb, resources=resources, km=km, **kwargs).execute()
  File "/Users/avijeet/opt/anaconda3/envs/mybook/lib/python3.9/site-packages/nbclient/util.py", line 74, in wrapped
    return just_run(coro(*args, **kwargs))
  File "/Users/avijeet/opt/anaconda3/envs/mybook/lib/python3.9/site-packages/nbclient/util.py", line 53, in just_run
    return loop.run_until_complete(coro)
  File "/Users/avijeet/opt/anaconda3/envs/mybook/lib/python3.9/asyncio/base_events.py", line 642, in run_until_complete
    return future.result()
  File "/Users/avijeet/opt/anaconda3/envs/mybook/lib/python3.9/site-packages/nbclient/client.py", line 540, in async_execute
    await self.async_execute_cell(
  File "/Users/avijeet/opt/anaconda3/envs/mybook/lib/python3.9/site-packages/nbclient/client.py", line 832, in async_execute_cell
    self._check_raise_for_error(cell, exec_reply)
  File "/Users/avijeet/opt/anaconda3/envs/mybook/lib/python3.9/site-packages/nbclient/client.py", line 740, in _check_raise_for_error
    raise CellExecutionError.from_cell_and_msg(cell, exec_reply['content'])
nbclient.exceptions.CellExecutionError: An error occurred while executing the following cell:
------------------
# Width of the beam (wavelength of the laser) w = 10^-7 m
# Volume of the beam w^2 * l = 10^-7 m
w = 1.e-7 *u.m 
vol =  w * w * V/Emax
# Calculate the energy density
ed = (e * V /vol).to(unit=u.J/u.m**3)
print(f"Volume of the beam = {vol:.2e}")
print(f"Energy density of the beam = {ed:.2e}")
------------------

[0;31m---------------------------------------------------------------------------[0m
[0;31mNameError[0m                                 Traceback (most recent call last)
[0;32m<ipython-input-9-9dfab4c6c434>[0m in [0;36m<module>[0;34m[0m
[1;32m      2[0m [0;31m# Volume of the beam w^2 * l = 10^-7 m[0m[0;34m[0m[0;34m[0m[0;34m[0m[0m
[1;32m      3[0m [0mw[0m [0;34m=[0m [0;36m1.e-7[0m [0;34m*[0m[0mu[0m[0;34m.[0m[0mm[0m[0;34m[0m[0;34m[0m[0m
[0;32m----> 4[0;31m [0mvol[0m [0;34m=[0m  [0mw[0m [0;34m*[0m [0mw[0m [0;34m*[0m [0mV[0m[0;34m/[0m[0mEmax[0m[0;34m[0m[0;34m[0m[0m
[0m[1;32m      5[0m [0;31m# Calculate the energy density[0m[0;34m[0m[0;34m[0m[0;34m[0m[0m
[1;32m      6[0m [0med[0m [0;34m=[0m [0;34m([0m[0me[0m [0;34m*[0m [0mV[0m [0;34m/[0m[0mvol[0m[0;34m)[0m[0;34m.[0m[0mto[0m[0;34m([0m[0munit[0m[0;34m=[0m[0mu[0m[0;34m.[0m[0mJ[0m[0;34m/[0m[0mu[0m[0;34m.[0m[0mm[0m[0;34m**[0m[0;36m3[0m[0;34m)[0m[0;34m[0m[0;34m[0m[0m

[0;31mNameError[0m: name 'V' is not defined
NameError: name 'V' is not defined

